<?xml version="1.0" encoding="UTF-8"?>
<!-- Generated by org.testng.reporters.JUnitReportReporter -->
<testsuite hostname="DESKTOP-MHU9JAB" failures="0" tests="2" name="Test01_Get" time="6.418" errors="0" timestamp="2022-12-28T14:48:19 SGT" skipped="0">
  <testcase classname="Test01_Get" name="test_01" time="4.262"/>
  <system-out/>
  <testcase classname="Test01_Get" name="test_02" time="2.156"/>
  <system-out/>
</testsuite> <!-- Test01_Get -->
