<?xml version="1.0" encoding="UTF-8"?>
<!-- Generated by org.testng.reporters.JUnitReportReporter -->
<testsuite hostname="DESKTOP-MHU9JAB" failures="0" tests="1" name="Test_POST" time="3.671" errors="0" timestamp="2022-12-28T16:09:10 SGT" skipped="0">
  <testcase classname="Test_POST" name="test_01_post" time="3.671"/>
  <system-out/>
</testsuite> <!-- Test_POST -->
