<?xml version="1.0" encoding="UTF-8"?>
<!-- Generated by org.testng.reporters.JUnitReportReporter -->
<testsuite hostname="DESKTOP-MHU9JAB" failures="0" tests="1" name="Test_PATCH" time="6.165" errors="0" timestamp="2022-12-28T16:36:22 SGT" skipped="0">
  <testcase classname="Test_PATCH" name="test_01" time="6.165"/>
  <system-out/>
</testsuite> <!-- Test_PATCH -->
