<?xml version="1.0" encoding="UTF-8"?>
<!-- Generated by org.testng.reporters.JUnitReportReporter -->
<testsuite hostname="DESKTOP-MHU9JAB" failures="0" tests="1" name="Test_GET" time="5.531" errors="0" timestamp="2022-12-28T15:26:47 SGT" skipped="0">
  <testcase classname="Test_GET" name="test_1" time="5.531"/>
  <system-out/>
</testsuite> <!-- Test_GET -->
