<?xml version="1.0" encoding="UTF-8"?>
<!-- Generated by org.testng.reporters.JUnitReportReporter -->
<testsuite hostname="DESKTOP-MHU9JAB" failures="0" tests="1" name="Test_PUT" time="4.782" errors="0" timestamp="2022-12-28T16:39:31 SGT" skipped="0">
  <testcase classname="Test_PUT" name="test_01" time="4.782"/>
  <system-out/>
</testsuite> <!-- Test_PUT -->
