<?xml version="1.0" encoding="UTF-8"?>
<!-- Generated by org.testng.reporters.JUnitReportReporter -->
<testsuite hostname="DESKTOP-MHU9JAB" failures="0" tests="1" name="Test_DELETE" time="3.549" errors="0" timestamp="2022-12-28T16:42:26 SGT" skipped="0">
  <testcase classname="Test_DELETE" name="test_01" time="3.549"/>
  <system-out/>
</testsuite> <!-- Test_DELETE -->
